3 0 3 181 
1 2 
3 4 25 256 
3 6 235 255 
3 8 27 189 
2 10 265 
1 12 
2 14 155 
1 16 
2 18 67 
1 20 
2 22 219 
3 24 40 145 
2 26 169 
3 28 139 288 
1 30 
3 32 121 153 
2 34 9 
1 37 
4 39 117 195 223 
3 41 13 46 
1 43 
2 45 292 
1 47 
1 49 
1 51 
3 53 109 208 
1 55 
2 57 77 
1 59 
3 61 201 280 
4 63 79 93 252 
1 66 
2 68 173 
2 70 262 
3 72 23 229 
3 74 64 149 
3 76 248 293 
1 78 
2 80 31 
5 82 157 163 199 297 
1 84 
3 86 177 211 
3 88 21 97 
2 90 250 
3 92 48 242 
1 94 
3 96 119 270 
1 98 
1 100 
2 102 143 
1 104 
1 106 
4 108 11 197 228 
4 110 19 89 206 
1 112 
2 114 238 
3 116 5 272 
2 118 264 
1 120 
2 122 151 
2 124 289 
1 126 
2 128 135 
1 130 
1 132 
2 134 35 
4 136 44 83 274 
2 138 278 
2 140 240 
1 142 
3 144 60 71 
3 146 147 233 
3 148 38 69 
2 150 52 
1 152 
1 154 
4 156 91 111 183 
2 158 175 
2 160 215 
3 162 42 251 
2 164 17 
3 166 101 257 
2 168 1 
2 170 205 
2 172 141 
2 174 123 
1 176 
1 178 
5 180 7 29 131 266 
1 182 
4 184 15 50 165 
1 186 
2 188 115 
2 190 247 
1 192 
1 194 
1 196 
3 198 81 279 
3 200 73 231 
