11 0 5175 5179 8716 8778 8797 8802 8818 8825 8838 8847 
15 2 431 4364 4393 4402 4425 4445 4451 4473 4476 8594 8607 8611 8613 8618 
4 4 5961 5988 6603 
1 6 
4 8 3809 3819 3825 
7 10 473 767 771 791 2516 6152 
4 12 3658 3662 3664 
8 14 2028 2034 2038 2046 2103 2821 3619 
8 16 3014 4277 6365 6434 6444 6448 6453 
4 18 5368 5395 5398 
1 20 
6 22 755 2011 2019 8885 9117 
13 24 19 47 104 888 1129 2795 2806 4157 4160 6616 7723 7731 
12 26 759 6351 6355 6358 6371 6388 6417 6419 6423 6433 6439 
3 28 915 1562 
18 30 347 1103 1317 1321 1327 5399 5404 5432 5434 5438 5443 5446 5449 6445 6458 9336 9374 
2 32 144 
13 34 932 1740 1744 1748 1751 4049 4564 4670 4697 4719 4723 4725 
13 36 1581 3626 3630 3633 3637 3642 3644 3652 3656 6470 6477 6479 
9 38 1522 5865 6606 6612 6623 6626 6631 6650 
7 40 319 409 413 1566 1570 3857 
7 42 903 1158 1951 5508 7670 7783 
10 44 1249 1254 7481 7487 7489 7496 7509 7524 7527 
12 46 209 213 890 894 898 5047 5051 5055 5057 5149 5174 
3 49 2070 2134 
12 51 1683 2895 2909 2914 2985 2987 2993 2998 4077 4079 4091 
6 53 836 838 1180 4181 4186 
4 55 21 459 465 
3 57 120 247 
10 59 8424 8468 8497 8499 8501 8507 8519 8523 8527 
16 61 29 33 1753 1782 1792 1795 1811 1820 1822 1824 1826 4339 4350 6792 6870 
9 63 1094 1096 1099 1322 1329 1333 1473 4156 
2 65 437 
18 67 539 952 954 1122 1468 1472 6315 6349 6354 6364 6368 6390 6400 6405 8083 8123 8131 
11 69 92 166 174 1161 1622 1631 1633 4600 4614 4622 
26 71 1347 1401 1404 1495 2409 2411 7813 7834 7836 7918 7938 7943 7946 7950 7953 7964 7968 7976 7979 7983 7985 7989 7996 8001 8490 
9 73 2139 2144 2148 2152 4212 4242 4251 4268 
3 75 1236 1247 
2 77 773 
8 79 1893 2175 2182 2185 4005 4013 9865 
9 81 301 3787 3791 5895 5916 5918 5931 6518 
5 83 457 467 787 1088 
5 85 196 453 735 1019 
4 87 1362 1699 5504 
1 89 
6 91 217 940 944 2593 4158 
9 93 531 537 727 1071 1080 1456 7343 7375 
8 95 98 126 613 847 855 913 2659 
12 97 305 981 1446 1452 3039 3041 3185 6487 6490 6492 6494 
5 99 1936 1938 2592 3850 
3 101 1926 1931 
15 103 681 1152 1155 1157 1380 1847 3718 4492 4501 4504 4506 5302 5408 7825 
7 105 285 441 1034 1036 1187 1190 
3 107 3115 3120 
3 109 54 1559 
9 111 2458 2488 2491 2679 3665 5024 5048 5063 
8 113 43 1083 1210 7753 7992 8013 8022 
9 115 269 1728 2545 2550 2701 2704 2719 2724 
3 117 13 3589 
3 119 96 1020 
11 121 323 1730 1732 1736 1739 1939 7869 8087 8762 9573 
2 123 1646 
10 125 884 1265 1270 1274 1358 1360 1411 1413 1418 
11 127 215 387 391 9290 9294 9296 9309 9311 9317 9326 
7 129 826 834 1706 1713 1720 1722 
18 131 2773 8196 8199 8201 8211 8216 8222 8226 8232 8238 8260 8265 8267 8269 8280 8282 8301 
3 133 451 1114 
11 135 80 1060 3280 3302 3318 3322 3324 3335 4267 4281 
9 137 427 2450 2454 2456 4509 4522 4530 4538 
5 139 925 1308 1312 3620 
4 141 233 363 978 
3 143 1703 1705 
5 145 1961 4296 5515 5543 
12 147 309 964 968 971 1586 4729 4732 4735 4741 4747 4750 
8 149 801 844 2683 3273 3275 3277 3279 
9 151 543 551 1147 3423 3480 8837 9771 9776 
7 153 663 731 807 7405 7437 7441 
8 155 953 958 960 1483 1486 1488 4320 
9 157 23 850 1089 1229 1231 2262 2287 3643 
14 159 207 1244 1374 1953 1956 1958 4165 4188 4192 4216 4236 4239 4241 
22 161 198 1056 1213 2625 2628 2631 2637 2650 2656 4474 4479 6289 6291 6295 6300 6302 6311 6323 6330 6339 6342 
7 163 367 1573 6273 6278 6285 6288 
18 165 1517 1618 1621 1623 1626 1658 2612 2615 2617 2623 3820 3836 3928 6136 6148 6153 6185 
12 167 1383 1385 1389 1391 1395 1397 1400 1403 2747 2764 2770 
18 169 156 279 685 6995 7001 7008 7011 7519 7898 7951 7969 7977 7980 8002 8008 8012 8019 
9 171 763 3349 3356 3359 3369 3378 3627 3631 
8 173 817 819 821 824 977 980 6063 
11 175 267 275 403 407 1427 3184 3189 3192 3198 3204 
6 177 219 223 930 936 939 
9 179 1259 1261 9831 9932 9938 9971 9977 9990 
1 181 
5 183 887 889 891 1545 
17 185 1017 1025 1029 1032 1196 1202 2300 6999 7002 7017 7024 7035 7038 7042 7044 7049 
6 187 3 609 1162 1306 7182 
7 189 325 8221 8235 8276 8332 8337 
3 191 1648 1652 
4 193 327 8084 8120 
15 195 912 914 917 1117 1120 2820 2822 2824 2827 2830 2836 3214 3218 7161 
2 197 2509 
5 199 102 178 251 3985 
5 201 878 1127 1701 9304 
4 204 2219 2609 9334 
11 206 64 227 955 2301 2307 2310 2308 2312 5233 5244 
9 208 148 2318 2321 3670 3679 8934 9312 9329 
2 210 136 
9 212 106 287 1167 1172 1572 1574 1576 4243 
5 214 795 9032 9635 9638 
10 216 621 1087 8345 8372 8441 8454 8463 8467 8480 
1 218 
4 220 1068 1070 1547 
11 222 15 405 673 1337 1341 6154 6177 6193 6212 6221 
1 224 
3 226 1191 3887 
6 228 1642 8048 8132 8174 8178 
15 230 365 369 373 1373 1375 1377 4641 4650 4671 4678 4683 5889 5923 5953 
6 232 651 1479 3571 3932 3969 
8 234 3984 6701 6750 8558 8569 8572 8582 
4 236 1585 3019 3021 
12 238 683 695 699 703 999 1001 9484 9488 9499 9507 9517 
1 240 
17 242 804 1895 1901 1903 2188 2192 2194 2196 3327 3518 4811 4813 4817 4823 4841 4846 
5 244 255 521 1035 1038 
7 246 1754 1808 1928 1935 2775 2840 
5 248 70 4354 4363 4374 
8 250 907 909 911 2423 3690 9461 9532 
4 252 265 2223 2225 
3 254 291 1226 
4 256 707 7784 7795 
11 258 2833 3064 9918 9922 9931 9937 9940 9956 9960 9970 
2 260 805 
13 262 1124 1126 1507 1760 1764 1772 1786 1788 2091 2094 2165 2169 
7 264 1425 3042 4631 4640 4649 4662 
4 266 134 733 737 
28 268 35 138 337 1197 1204 7476 7485 7526 7537 7539 7559 7565 7568 7586 7899 8411 8554 8612 8625 8633 8636 8638 8641 8648 8666 8685 8710 
8 270 1336 1957 1983 4311 6210 8893 9176 
7 272 399 495 765 1292 1296 1300 
11 274 611 619 880 882 1643 1645 2786 3703 3712 5225 
8 276 747 1599 4054 4057 5653 5669 5672 
7 278 701 875 904 1230 6099 6113 
4 280 377 385 820 
6 282 597 1731 2943 2962 2964 
13 284 108 3264 4977 4982 4994 5030 5035 5037 5044 5046 7402 7410 
3 286 331 1022 
3 288 959 962 
11 290 122 625 1280 2022 2024 2027 2029 2032 8230 8319 
9 292 184 862 866 868 1065 1084 3871 3880 
15 294 283 653 1234 2843 3223 3229 7039 7053 7057 7059 7069 7083 7089 7093 
6 296 2879 2886 2888 2890 2897 
6 298 6766 6853 6872 6889 6919 
7 300 221 2326 3792 3797 3804 3812 
9 302 3769 3781 4261 4269 4271 4273 4252 4292 
7 304 593 1600 2172 6520 7112 7115 
2 306 675 
17 308 2280 4923 4926 4931 4936 4951 6534 6569 6573 6586 6595 6782 6890 6918 6931 8069 
4 310 937 2815 2818 
2 312 1558 
6 314 2594 2864 6230 6258 6260 
6 316 3671 3684 3687 4129 4133 
11 318 130 355 397 401 3125 3128 3132 3134 8152 8154 
16 320 559 567 571 1278 2929 2936 2940 4295 4298 4303 4305 4308 4310 4315 4319 
4 322 885 1482 2276 
8 324 1682 1691 1694 1696 1698 2564 2586 
5 326 86 4075 4095 4103 
4 328 58 2689 2691 
19 330 150 154 900 2851 2853 2855 2858 2862 7175 7181 7183 7185 7192 7201 7204 7214 7219 7223 
5 332 100 152 158 1134 
3 334 1074 3588 
4 336 1288 3015 3032 
2 338 557 
7 340 1137 7123 7126 7133 8683 8862 
8 342 359 984 988 1351 1354 2113 3402 
13 344 1082 8866 8877 8879 8884 8887 8897 8900 8905 8907 8910 8921 
11 346 1241 1506 1602 5363 5376 9648 9756 9850 9854 9860 
4 348 205 1140 1439 
9 350 503 1107 1242 1624 1632 1636 2522 2544 
4 352 335 1049 1212 
2 354 180 
3 356 785 1378 
2 358 1150 
4 360 3923 3971 3975 
12 362 1841 5587 5592 5950 6073 6080 6084 6087 8166 8169 8171 
3 364 329 5631 
19 366 579 5318 7590 7603 7606 7611 7615 7617 7623 7625 7649 7667 7673 7676 7681 7688 7696 7700 
9 368 235 517 725 1514 3526 3533 3535 7472 
4 370 858 1136 1139 
6 372 17 689 693 923 7641 
7 374 243 816 827 1112 2114 2117 
6 376 186 815 1064 3872 3883 
8 378 160 1125 1128 2136 2138 4737 4955 
5 380 237 1301 3337 3347 
6 382 313 317 3523 3525 3528 
5 384 705 1991 2494 2508 
17 386 729 3762 3771 3780 3837 3848 6789 6934 6955 6978 6994 7739 7742 7751 7756 7766 
6 388 353 357 577 1053 1055 
5 390 2322 7771 7789 9476 
2 392 8054 
7 394 45 1141 4108 4116 4118 4120 
21 396 261 806 808 810 2331 2334 2337 5270 5272 5275 5280 9217 9351 9387 9390 9396 9399 9404 9417 9430 
14 398 9568 9608 9690 9703 9711 9716 9719 9721 9747 9749 9753 9759 9766 
17 400 60 2158 2161 2563 2569 2579 2583 3237 3240 3244 3246 3248 3250 3254 3256 3259 
11 402 395 433 641 2210 3020 3023 3026 3028 5718 5720 
2 404 1284 
3 406 8540 8543 
18 408 455 4448 4457 4518 4554 4556 4563 4568 5873 5877 5884 5894 5896 5900 9339 9350 9354 
2 410 2203 
6 412 477 485 491 2624 2627 
13 414 831 4726 4728 4755 4757 4759 4766 4771 4778 4783 4790 7146 
2 416 1343 
6 418 1419 2258 2267 2269 2271 
3 420 983 1006 
3 422 188 3569 
15 424 7814 7820 7824 7826 7833 7842 7851 7855 7878 7881 7904 7906 7917 7937 
10 426 1334 1962 8622 8726 8744 8770 8775 8777 8789 
15 428 90 637 2865 2868 2873 2876 2878 2880 4316 4324 4332 6461 6465 6467 
4 430 5274 5286 5293 
9 432 5435 5439 5460 5474 5476 6676 6723 6748 
15 434 679 5111 5119 5127 5130 5138 5142 5144 5148 5150 5157 5159 5162 5173 
4 436 3001 3040 3043 
8 438 3536 3543 5265 8753 8861 8865 8874 
29 440 2521 2529 2540 7189 7215 7221 7228 7235 7238 7241 7251 7257 7264 7268 7281 7283 7288 7290 7302 7304 7307 7311 7335 7338 7348 7350 7356 7533 
6 442 74 281 349 2666 2669 
7 444 257 757 5776 5850 5854 5857 
9 446 1802 2725 2728 2734 2746 2750 2752 2755 
4 448 116 927 2664 
26 450 941 963 966 2054 2067 2069 2073 4446 5666 8808 8948 8964 8971 8980 9004 9013 9024 9034 9061 9067 9069 9088 9119 9123 9131 
4 452 1877 1881 1887 
5 454 351 1758 7239 7460 
5 456 859 861 1567 1569 
9 458 307 2098 2457 4916 4918 4922 4925 4929 
9 460 1487 1490 2096 2255 2257 2259 2847 4338 
7 462 289 1972 4067 4069 9642 9916 
1 464 
17 466 1484 1665 2227 8137 8185 9146 9391 9398 9432 9439 9443 9448 9454 9465 9467 9472 
20 468 1390 1812 2329 4751 4760 4779 4962 5407 5410 5412 5414 5416 5423 5454 5456 5459 5461 5467 5471 
2 470 1009 
5 472 7955 8124 8138 8147 
11 474 7 1253 1277 1279 2043 2050 2059 2064 2608 5723 
6 476 828 5312 5362 5364 5370 
5 478 1069 1072 1076 1510 
4 480 1894 1898 4127 
8 482 78 789 793 797 3591 6522 6613 
12 484 443 3890 3897 3899 3902 3911 3914 3920 3922 3927 3929 
9 486 2354 2363 2371 2373 2376 5832 5855 5859 
10 488 3099 3106 3110 8299 8461 8503 8528 8532 8535 
5 490 471 1058 1063 1344 
1 492 
8 494 241 253 919 1549 1925 1927 1929 
9 496 1116 1118 3724 9099 9120 9126 9168 9172 
15 498 110 1156 1435 1437 1673 1677 6227 6242 7758 9522 9525 9531 9533 9536 
3 500 910 7393 
3 502 82 4803 
5 504 1462 1497 2926 7986 
2 506 142 
2 508 295 
17 510 818 6194 6266 6271 9545 9555 9567 9577 9599 9606 9614 9637 9639 9650 9668 9673 
6 512 745 1052 3978 3987 3994 
14 514 245 249 393 1398 2189 2193 2902 2905 2908 3255 6112 6124 6127 
2 516 343 
12 518 605 1361 1366 1851 1858 1865 4993 4996 5002 5011 5029 
12 520 1085 1859 1868 2421 3734 3741 5078 5110 5118 5122 5125 
12 522 1654 1659 1661 1663 3206 3224 3503 3505 3507 3514 8850 
4 524 361 848 1318 
6 526 1669 2629 2638 2643 2658 
2 528 1003 
9 530 62 1356 3284 7566 7589 7593 7597 7601 
7 532 1454 4676 4680 4700 4702 4716 
12 534 839 841 874 877 879 2252 2554 3031 3033 3035 3111 
15 536 389 2469 2475 2481 2487 2490 2492 4337 4484 4488 4490 6500 6505 6507 
11 538 447 5974 5978 6011 6019 6022 6032 6045 6051 6060 
4 540 3113 3745 3749 
6 542 333 845 4023 4041 4047 
9 544 339 1108 1548 1552 1969 3274 3283 3286 
3 546 259 2845 
6 548 1426 1950 1952 2425 2448 
9 550 425 429 1704 1708 1712 1718 8195 8210 
5 552 182 1846 1848 1948 
11 554 41 72 777 781 1262 1268 1283 1285 2243 8350 
5 556 995 1906 1919 1923 
17 558 1289 1291 1293 7100 7202 7242 7261 7289 7303 7349 7358 7371 7374 7390 7395 7404 
2 560 231 
7 562 2170 2922 8423 8429 8443 8453 
15 564 1367 2692 2698 5874 5876 6514 6524 6533 6539 6545 6559 8352 8364 8375 
3 566 6959 7036 
14 568 5 1214 1216 1809 3098 3107 5960 5964 5973 5977 5987 6010 6016 
18 570 1174 1287 3898 3931 3934 3941 3943 3945 3950 3954 3956 3959 3965 4578 4599 4606 7252 
18 572 162 1093 5294 6226 6229 6233 6241 9178 9184 9196 9198 9201 9203 9206 9211 9215 9227 
9 574 1219 2211 3140 3153 3158 3162 3172 3903 
14 576 573 1526 1536 3559 8078 8089 8091 8098 8712 8717 8723 8738 8740 
6 578 293 809 813 1095 3408 
20 580 37 623 2372 2389 2391 2394 2396 2408 6521 6761 6768 6770 6775 6817 6828 6840 6869 6917 7733 
7 582 547 814 969 972 974 976 
4 584 371 3094 3097 
5 586 421 2968 2976 2983 
2 588 1410 
4 590 9967 9993 9955 
14 592 723 1130 1133 2149 2155 2157 3484 3488 3492 3497 3500 5774 5841 
10 594 840 5825 5828 5836 5840 5842 5848 9558 9677 
7 596 124 1059 2191 2197 2200 5390 
3 598 3287 3289 
3 600 1016 1018 
7 602 2727 2730 3405 4097 4122 4124 
9 604 1205 1290 5685 5688 5696 5707 5714 6795 
10 606 11 569 1164 1166 1171 1173 2097 2100 4177 
10 608 66 194 591 1039 1476 1478 1966 4018 5415 
7 610 39 315 321 7052 7105 7111 
11 612 469 3070 3076 3080 3298 3860 5613 5791 5814 5819 
9 614 721 1303 2604 2606 3485 3545 3558 3562 
1 616 
8 618 529 535 4900 4908 4911 8541 8556 
10 620 1540 1542 1829 1837 3000 3002 3010 3012 6170 
3 622 27 998 
5 624 587 4883 4886 4891 
1 626 
9 628 1148 3698 3702 3711 3713 3715 3719 6191 
12 630 1638 1641 3046 4140 5883 5926 5935 5937 5939 8080 8122 
3 632 1043 2848 
7 634 895 899 2443 2449 5942 5944 
10 636 379 383 3504 3517 3520 3522 3838 5633 5646 
1 638 
14 640 128 132 1151 1153 1575 1606 1611 1614 5505 5524 5531 5536 5538 
19 642 1445 1577 1579 5726 5731 5735 5745 5749 5753 5758 7138 7154 7157 7160 7163 7166 7168 7173 
4 644 1905 1909 5697 
13 646 192 1225 2145 2693 2697 3688 6074 6079 6093 6096 6104 6111 
3 648 2460 2463 
6 650 2080 2083 2090 5575 5586 
6 652 1825 2218 2221 5248 5253 
5 654 1091 1408 3613 3618 
7 656 140 1849 2120 2125 2127 2130 
8 658 50 905 1115 4972 5003 5010 5020 
3 660 170 8870 
3 662 3383 3386 
3 664 1582 2273 
7 666 112 589 863 869 2101 2163 
16 668 1026 1028 1762 1793 1798 1801 2001 2010 2013 2286 5760 5775 5778 5790 8430 
4 670 505 1131 1359 
16 672 1 146 164 168 172 176 2953 2961 3884 3886 3889 3892 8384 8392 8414 
6 674 263 9661 9781 9811 9829 
16 676 883 906 6624 6632 6667 6675 6685 6687 6690 6693 6700 6702 6715 6717 6721 
5 678 525 985 989 994 
13 680 595 603 1331 1350 3109 3126 3835 3853 5264 5266 5269 5273 
10 682 870 1015 8654 8669 8674 8677 8684 8690 8700 
6 684 851 948 4577 4580 4592 
20 686 822 2610 4189 4191 4193 4197 4203 4210 4215 4218 4220 5095 5176 5190 5198 5202 5224 5230 9380 
4 688 749 4341 4348 
3 690 4142 4145 
13 692 527 555 1878 1882 1890 1892 5065 5068 5072 5077 5084 5108 
11 694 811 6933 6935 6944 6964 6976 6981 6991 6993 6997 
9 696 52 345 1607 1615 1617 2224 3576 3586 
10 698 479 1653 7954 7997 8036 8044 8046 8053 8057 
15 700 9 3388 3407 3412 3415 3417 3422 3427 3431 3434 3440 3447 3455 3458 
6 702 3595 3604 3609 3611 7467 
10 704 202 449 829 1188 1195 3727 3730 3733 3737 
17 706 1467 2339 2342 2347 2349 2353 2358 2361 2493 2499 2502 5647 5652 5659 5661 5665 
5 708 229 2277 3716 3723 
1 710 
2 712 2530 
15 714 635 4178 4180 4185 5296 5311 5331 5333 5339 5348 5354 5361 5458 6644 
5 716 341 2671 2677 8217 
6 718 94 1011 1014 3238 3755 
21 720 68 1675 1678 1680 2823 2839 7300 7368 7382 7391 7450 7459 8251 8278 8304 8308 8311 8321 8327 8331 
1 722 
8 724 509 515 743 1086 2294 2298 4042 
4 726 56 3612 3617 
8 728 657 667 3081 3084 3087 3093 5334 
7 730 76 411 1662 2030 2035 2049 
15 732 717 1258 1440 1442 1940 2772 2785 2794 4691 4695 5588 5596 5599 5606 
10 734 25 1144 2131 2133 3243 3301 3305 3310 3313 
17 736 541 545 803 924 926 4286 4275 4510 4531 4540 4542 4545 4553 9739 9765 9770 
5 738 929 931 1238 1304 
4 740 561 581 835 
13 742 901 2816 2819 8156 8163 9726 9736 9834 9849 9876 9909 9915 
6 744 783 2427 2433 2437 2441 
5 746 2195 2202 2204 2208 
10 748 1021 2249 2251 2253 3413 3448 3456 3464 3478 
6 750 1379 1813 2814 4795 4799 
9 752 1092 1149 2226 2238 5232 5664 5676 5682 
8 754 481 487 973 1007 1295 3350 3380 
9 756 3175 3180 3265 3387 3400 4812 4861 4865 
11 758 5512 5542 5544 5547 8959 8972 9005 9025 9058 9097 
20 760 1061 1073 1075 1077 3048 3059 3063 3069 8215 8275 8279 8333 8336 8349 8363 8365 8371 8374 8377 
8 762 3863 4961 4968 4971 4978 4983 4987 
4 764 1616 1619 2813 
1 766 
5 768 31 3336 3344 3346 
9 770 4378 4383 4392 4399 4401 4416 4424 4432 
6 772 239 687 1207 7054 7058 
10 774 631 1544 3856 3858 5597 5607 5616 5618 5629 
13 776 659 669 4010 4022 4040 5784 5788 5798 5806 5811 5817 5821 
4 778 8100 8106 8113 
14 780 114 1044 1759 1823 7702 7705 7708 7714 9243 9250 9259 9277 9281 
4 782 118 299 2055 
7 784 1481 2289 5485 5493 5499 5501 
6 786 860 1588 1594 2595 2597 
19 788 1971 1974 1976 1982 1987 1990 2002 2005 2007 8552 8898 8908 8925 8927 8939 8941 8943 8947 
13 790 4898 4901 4905 4909 5463 5545 5549 5551 5555 5561 5563 5571 
8 792 2410 9714 9782 9786 9792 9794 9796 
7 794 6294 6314 6317 6322 6348 6350 
9 796 6246 6250 6257 8255 8923 8942 8949 8957 
4 798 1184 1797 1805 
15 800 639 643 647 1183 1185 1719 1726 2618 9875 9878 9885 9887 9891 9906 
