4 0 299 870 5921 
10 2 127 3120 3663 3668 3758 4548 4556 5513 6413 
6 4 145 4502 5960 5970 5987 
4 6 2088 3173 3531 
8 8 1201 1208 1497 1727 4963 6952 7936 
3 10 1874 2084 
3 12 3106 6207 
3 14 825 6804 
4 16 139 1428 3227 
3 18 1916 4625 
8 20 2691 2709 2737 3601 3607 3633 6405 
7 22 331 609 621 2809 7362 7417 
4 24 3957 5681 8694 
5 26 117 307 1018 1651 
3 28 1296 1298 
5 30 758 812 958 960 
2 32 711 
5 34 103 3474 4714 5644 
5 36 329 1323 4775 6491 
3 38 497 3143 
5 40 125 699 1834 2406 
7 42 13 19 1116 1183 1762 2791 
5 44 2478 2572 3080 9577 
5 46 1211 5398 5410 8753 
7 48 757 1510 1514 1522 6587 7577 
3 50 1714 2338 
3 52 860 3082 
5 54 509 2706 3074 4659 
4 56 853 1268 7652 
6 58 712 1665 8265 9918 9932 
6 60 151 1369 4257 4422 4915 
5 62 211 887 892 2528 
7 64 875 1090 1287 2498 2634 9958 
8 66 797 1455 1501 1607 4643 4940 5690 
9 68 95 770 1570 1678 5092 5178 7066 7134 
11 70 471 884 913 1251 1372 1705 3161 4526 6271 6279 
4 72 1079 4585 7264 
8 74 339 673 700 774 1108 2007 9770 
8 76 539 716 921 1432 1443 1811 1993 
6 78 11 1728 2393 2400 4539 
6 80 303 891 3041 3059 8314 
5 82 165 1254 2371 5033 
7 84 505 894 2257 2481 5204 8932 
6 86 807 1129 1718 2067 4184 
4 88 2099 5789 5823 
4 90 43 277 9643 
5 92 635 823 1875 6422 
5 94 35 223 575 3399 
4 96 808 1957 2296 
1 98 
3 100 1019 1637 
9 102 7 1333 2751 2776 3355 3366 5029 7215 
5 104 1288 3589 4600 4605 
3 106 321 4331 
3 108 113 1990 
2 110 411 
4 112 836 6159 6164 
6 114 1685 2094 2789 4364 9527 
6 116 587 3451 3468 4956 7272 
3 118 1449 2507 
3 120 4793 4821 
5 122 1270 4516 6012 6014 
1 124 
3 126 7839 7886 
10 128 99 763 1162 1576 2422 2533 2537 2810 9837 
6 130 137 1586 1697 5698 5707 
9 132 231 713 764 6598 8682 8771 8784 8799 
3 134 283 7947 
6 136 1357 1375 2213 6513 6537 
6 138 27 51 427 2957 6806 
4 140 573 2968 6121 
7 142 1543 2712 3092 3529 8715 8805 
5 144 119 5836 8640 8670 
4 146 1550 4339 6596 
6 148 1180 1237 2431 6074 6090 
3 150 301 519 
12 152 17 963 1716 2215 6320 6371 6390 6955 6960 6974 7010 
6 154 1277 2031 4791 5361 7502 
7 156 1 890 1393 2881 3857 7559 
6 158 183 827 1347 2269 2497 
4 160 1538 2249 6625 
7 162 1454 2275 2938 2942 3202 5255 
6 164 249 645 847 1150 5193 
2 166 3554 
5 168 439 3101 4540 6135 
13 170 141 335 867 1331 1646 1655 3840 4352 4354 5050 5621 5638 
7 172 3168 3406 3421 3906 3913 7775 
6 174 311 317 1551 7294 7527 
6 176 1216 1227 2829 5054 5065 
4 178 714 2248 2480 
4 180 951 4592 4594 
8 182 73 195 1930 2160 2189 3872 5885 
4 184 287 4674 4678 
4 186 1820 3197 3436 
7 188 89 109 637 4635 8631 9346 
6 190 325 945 1315 8351 9866 
5 192 2895 5042 7194 7207 
8 194 361 802 809 2065 2134 8945 8964 
4 196 2796 2804 7533 
3 198 695 1911 
5 200 351 1851 6561 7260 
1 202 
8 204 387 633 834 905 1005 1877 2217 
3 206 1533 6216 
4 208 197 2115 2157 
5 210 744 976 1071 3870 
2 212 9914 
4 214 786 1404 2719 
6 216 241 953 4965 7470 7492 
9 218 2329 3328 3645 4866 6656 8959 9018 9138 
4 220 213 730 2783 
3 222 852 3818 
2 224 9556 
7 226 935 1279 2523 3289 3530 7774 
6 228 599 1017 1951 2250 2254 
4 230 399 2291 4789 
6 232 209 297 859 2444 5044 
6 234 767 1447 1798 2902 4644 
8 236 237 623 772 1084 1164 1200 1363 
10 238 193 842 985 988 1474 2620 5712 5717 6173 
2 240 3107 
7 242 1527 1947 2544 3829 7747 9481 
6 244 1065 1281 2349 5877 6614 
6 246 1159 1297 1801 4512 5208 
3 248 1001 6906 
6 250 285 983 2104 2311 2678 
9 252 347 1263 3218 4832 5591 5618 5635 6065 
7 254 806 2999 3816 3962 3970 4871 
4 256 91 251 2611 
6 258 547 2850 5849 5851 7460 
8 260 1255 4437 4461 4699 4707 6546 8887 
5 262 2510 2807 4962 6088 
6 264 765 1473 5227 7997 8009 
7 266 355 1015 3472 7270 7319 7326 
5 268 1058 1075 1184 4901 
5 270 769 3931 4287 4329 
3 272 1235 8909 
3 274 788 4977 
6 276 115 611 803 869 7555 
6 278 762 912 978 2385 3232 
6 280 37 2105 3157 3159 7348 
3 282 6061 7722 
2 284 1596 
10 286 49 107 305 732 2016 8167 8307 9786 9799 
3 288 131 819 
12 290 401 1324 1362 1475 1478 1481 1669 1891 4586 5432 5453 
4 292 561 5507 5517 
5 294 179 1106 6264 7234 
3 296 1686 2103 
3 298 1690 7917 
5 300 527 567 591 1099 
2 302 900 
6 304 177 337 735 1946 7796 
9 306 3 157 723 1546 1967 3404 4712 9969 
3 308 263 849 
7 310 543 1672 4881 6639 6647 9192 
4 312 1881 3030 4747 
6 314 69 133 649 889 2388 
2 316 1778 
6 318 796 3422 8151 8180 9600 
3 320 257 447 
11 322 583 885 1513 1518 2501 3072 4353 5007 8360 8385 
7 324 932 1900 1928 5551 6810 7414 
6 326 1043 1110 1653 7537 7540 
4 328 71 607 1868 
5 330 79 2667 2670 4916 
10 332 461 898 1765 2731 2749 3008 5280 5284 8816 
9 334 559 752 1937 2828 3188 9650 9697 9700 
4 336 101 845 7649 
5 338 169 783 1790 2155 
3 340 4268 5107 
2 342 1185 
2 344 2494 
5 346 1464 3697 4111 7899 
4 348 1153 1634 3006 
5 350 129 1378 2380 4875 
6 352 59 465 469 1503 6627 
6 354 940 3138 4337 4345 6441 
5 356 367 787 2386 7049 
5 358 381 882 3207 3386 
4 360 467 3734 3748 
4 362 8470 8548 8618 
2 364 1397 
3 366 1500 1766 
2 368 4347 
5 370 1041 1479 2170 3021 
3 372 1859 1864 
3 374 2059 4964 
7 376 705 1026 1313 5418 8898 9354 
2 378 3375 
3 380 323 419 
6 382 727 1332 1335 1337 2107 
2 384 511 
6 386 864 1209 2487 4063 9212 
3 388 824 6051 
3 390 3540 6588 
5 392 441 1995 2095 2436 
4 394 613 897 1635 
4 396 3308 3800 3810 
6 398 944 1295 4135 5991 8696 
8 400 403 595 942 1943 2969 5481 5486 
5 402 255 876 1739 5988 
8 404 161 483 1077 1350 6266 6442 6479 
9 406 683 693 759 1061 2046 2268 3796 3808 
5 408 201 1327 5473 9941 
6 410 1396 2779 2904 3583 3642 
4 412 655 7422 7456 
10 414 880 1786 2345 3457 3467 4384 4419 9330 9343 
6 416 83 485 2197 2203 2565 
5 418 829 1155 1529 1648 
6 420 349 1815 2456 6496 6511 
4 422 153 755 973 
3 424 1031 1773 
3 426 2952 8311 
3 428 651 2504 
7 430 657 1232 1615 3901 6157 6172 
5 432 149 2123 4274 4300 
8 434 163 205 3334 8819 8879 9438 9478 
4 436 47 3345 4087 
3 438 1119 2630 
3 440 966 6091 
3 442 2267 8114 
4 444 959 1367 8629 
3 446 97 1177 
5 448 3826 5928 5930 7341 
7 450 93 269 1509 2716 3958 4576 
4 452 481 967 1154 
6 454 1202 1594 2448 3083 4171 
7 456 245 761 1115 2953 2956 8636 
5 458 1374 2041 3760 3767 
7 460 147 235 2505 2814 5231 5240 
7 462 167 219 373 451 4235 7534 
3 464 2119 4037 
9 466 267 1633 1958 2585 6235 6240 6542 6576 
4 468 371 4923 6246 
1 470 
5 472 415 2862 2879 7756 
8 474 41 3148 3555 9838 9847 9860 9895 
5 476 65 3279 5285 5320 
2 478 977 
2 480 3071 
5 482 33 253 2885 2894 
3 484 315 1508 
2 486 2587 
5 488 1305 2561 7593 7641 
12 490 1008 1311 1869 1974 1978 2214 2493 5950 5953 6830 7187 
3 492 814 2149 
7 494 828 1878 2075 5021 6133 9163 
1 496 
7 498 105 2454 2467 5372 5375 5392 
3 500 1027 5211 
9 502 121 2514 3015 3038 6737 6755 6784 6787 
4 504 185 265 7907 
4 506 1628 1731 1921 
4 508 1072 1484 6017 
9 510 603 669 776 1266 2703 2936 9109 9255 
6 512 754 2072 2093 2668 8194 
7 514 843 3024 4680 4682 4685 7364 
2 516 3116 
2 518 7368 
8 520 1629 3349 4412 4418 9544 9555 9558 
7 522 728 1399 6038 6942 8387 8392 
7 524 1022 3522 3868 6179 9782 9784 
5 526 9 708 1626 2518 
2 528 85 
5 530 345 641 2985 5269 
8 532 475 756 936 5559 5562 7885 7887 
8 534 67 557 725 1446 3403 6898 9827 
5 536 950 5365 7165 9307 
4 538 948 2211 2659 
5 540 143 677 3226 4131 
4 542 1583 1991 5273 
8 544 111 379 826 1939 2907 3985 4014 
4 546 491 3956 5470 
2 548 75 
10 550 369 801 992 1087 1107 1540 4762 4767 7908 
7 552 81 217 1638 4998 5002 6730 
3 554 77 2582 
4 556 4254 7153 9404 
6 558 29 1580 2264 2532 5561 
3 560 503 7911 
3 562 1284 1289 
3 564 581 2681 
8 566 2571 2959 3580 6673 6680 6843 9604 
8 568 733 818 2306 4026 4058 4897 6148 
10 570 25 2063 2143 4708 6732 7655 7978 7996 9802 
9 572 259 639 749 2844 2848 3444 9724 9741 
6 574 3664 4097 8037 8062 8096 
5 576 391 453 3045 3048 
2 578 4978 
6 580 717 2567 2834 3057 3595 
1 582 
4 584 535 1101 1199 
5 586 5 199 501 3517 
3 588 946 7063 
5 590 239 617 3719 4361 
1 592 
6 594 459 1841 1975 2911 3634 
7 596 55 631 1078 1470 2357 3504 
7 598 135 413 449 821 1791 8395 
2 600 647 
6 602 21 455 2273 4771 9982 
7 604 775 830 857 2054 2901 7471 
4 606 243 341 7688 
7 608 1086 1812 2516 4256 6573 6575 
4 610 225 643 722 
4 612 57 737 2423 
6 614 1738 7315 8225 8443 8465 
7 616 2778 2781 6142 7806 7817 7820 
5 618 856 2308 2990 2994 
6 620 423 1559 5897 6626 6632 
3 622 1601 3570 
2 624 4275 
7 626 61 123 585 748 1328 1793 
5 628 707 1343 1345 6202 
4 630 261 359 537 
4 632 2008 3918 6835 
2 634 2451 
4 636 549 1136 5674 
3 638 2925 6301 
4 640 2261 2441 3952 
4 642 517 2616 3708 
2 644 531 
5 646 1006 1112 1954 7690 
4 648 495 1212 9510 
3 650 937 4188 
2 652 2623 
6 654 15 189 661 1981 2661 
8 656 87 353 507 923 1010 3769 6865 
6 658 1274 1506 1682 2360 2367 
7 660 23 53 203 463 1105 3876 
3 662 293 1627 
5 664 729 731 2915 4690 
4 666 31 3062 5666 
5 668 1385 3354 3381 5723 
8 670 363 407 840 990 3305 5216 6055 
7 672 1234 1316 2786 6663 9161 9204 
6 674 313 433 1356 1361 2980 
5 676 155 1384 1388 1445 
8 678 173 279 1157 1318 1800 2530 7162 
2 680 697 
2 682 233 
7 684 181 2556 6149 6447 6480 9154 
11 686 529 579 1381 1486 3285 7718 9358 9403 9410 9418 
8 688 39 533 742 1181 2594 5729 5738 
3 690 247 969 
2 692 2288 
1 694 
5 696 5774 5779 6969 7021 
2 698 63 
